2026-03-27 12:46:12,821 | INFO | local_client_2 | Starting local training for client 2
2026-03-27 12:46:22,038 | INFO | local_client_2 | Epoch 1/25 | lr=0.00100000
2026-03-27 12:46:35,866 | INFO | local_client_2 | Train | loss=1.1780 acc=0.5838 bacc=0.2310 f1=0.2436
2026-03-27 12:46:35,867 | INFO | local_client_2 | Test  | loss=2.0733 acc=0.3705 bacc=0.2708 f1=0.1772
2026-03-27 12:46:36,550 | INFO | local_client_2 | Saved best macro-F1 checkpoint to /mnt/c/Users/Nima/Desktop/MINE/My_projects/Research&Innovation_Project/cross-silo-fl-medical-image-classification/results/local_baseline/client_2/checkpoints/best_model_by_macro_f1.pt
2026-03-27 12:46:36,552 | INFO | local_client_2 | Epoch 2/25 | lr=0.00100000
2026-03-27 12:46:50,543 | INFO | local_client_2 | Train | loss=1.0132 acc=0.6158 bacc=0.2762 f1=0.2893
2026-03-27 12:46:50,545 | INFO | local_client_2 | Test  | loss=1.0502 acc=0.6384 bacc=0.3755 f1=0.3393
2026-03-27 12:46:51,242 | INFO | local_client_2 | Saved best macro-F1 checkpoint to /mnt/c/Users/Nima/Desktop/MINE/My_projects/Research&Innovation_Project/cross-silo-fl-medical-image-classification/results/local_baseline/client_2/checkpoints/best_model_by_macro_f1.pt
2026-03-27 12:46:51,244 | INFO | local_client_2 | Epoch 3/25 | lr=0.00100000
2026-03-27 12:47:05,514 | INFO | local_client_2 | Train | loss=0.9651 acc=0.6440 bacc=0.3218 f1=0.3321
2026-03-27 12:47:05,515 | INFO | local_client_2 | Test  | loss=0.9525 acc=0.6354 bacc=0.4467 f1=0.3932
2026-03-27 12:47:06,224 | INFO | local_client_2 | Saved best macro-F1 checkpoint to /mnt/c/Users/Nima/Desktop/MINE/My_projects/Research&Innovation_Project/cross-silo-fl-medical-image-classification/results/local_baseline/client_2/checkpoints/best_model_by_macro_f1.pt
2026-03-27 12:47:06,226 | INFO | local_client_2 | Epoch 4/25 | lr=0.00100000
2026-03-27 12:47:20,410 | INFO | local_client_2 | Train | loss=0.8966 acc=0.6648 bacc=0.3370 f1=0.3447
2026-03-27 12:47:20,411 | INFO | local_client_2 | Test  | loss=0.9673 acc=0.6458 bacc=0.4365 f1=0.4096
2026-03-27 12:47:21,128 | INFO | local_client_2 | Saved best macro-F1 checkpoint to /mnt/c/Users/Nima/Desktop/MINE/My_projects/Research&Innovation_Project/cross-silo-fl-medical-image-classification/results/local_baseline/client_2/checkpoints/best_model_by_macro_f1.pt
2026-03-27 12:47:21,131 | INFO | local_client_2 | Epoch 5/25 | lr=0.00100000
2026-03-27 12:47:35,461 | INFO | local_client_2 | Train | loss=0.8373 acc=0.6826 bacc=0.3836 f1=0.4008
2026-03-27 12:47:35,462 | INFO | local_client_2 | Test  | loss=0.9165 acc=0.6786 bacc=0.4492 f1=0.3941
2026-03-27 12:47:35,465 | INFO | local_client_2 | Epoch 6/25 | lr=0.00100000
2026-03-27 12:47:49,873 | INFO | local_client_2 | Train | loss=0.8579 acc=0.6871 bacc=0.3972 f1=0.4166
2026-03-27 12:47:49,874 | INFO | local_client_2 | Test  | loss=1.9558 acc=0.3631 bacc=0.3744 f1=0.2512
2026-03-27 12:47:49,877 | INFO | local_client_2 | Epoch 7/25 | lr=0.00100000
2026-03-27 12:48:04,416 | INFO | local_client_2 | Train | loss=0.8291 acc=0.6711 bacc=0.4022 f1=0.4112
2026-03-27 12:48:04,417 | INFO | local_client_2 | Test  | loss=0.8659 acc=0.6801 bacc=0.4540 f1=0.4174
2026-03-27 12:48:05,324 | INFO | local_client_2 | Saved best macro-F1 checkpoint to /mnt/c/Users/Nima/Desktop/MINE/My_projects/Research&Innovation_Project/cross-silo-fl-medical-image-classification/results/local_baseline/client_2/checkpoints/best_model_by_macro_f1.pt
2026-03-27 12:48:05,327 | INFO | local_client_2 | Epoch 8/25 | lr=0.00100000
2026-03-27 12:48:20,109 | INFO | local_client_2 | Train | loss=0.7944 acc=0.7053 bacc=0.4387 f1=0.4611
2026-03-27 12:48:20,109 | INFO | local_client_2 | Test  | loss=0.8721 acc=0.6562 bacc=0.4976 f1=0.4423
2026-03-27 12:48:20,794 | INFO | local_client_2 | Saved best macro-F1 checkpoint to /mnt/c/Users/Nima/Desktop/MINE/My_projects/Research&Innovation_Project/cross-silo-fl-medical-image-classification/results/local_baseline/client_2/checkpoints/best_model_by_macro_f1.pt
2026-03-27 12:48:20,796 | INFO | local_client_2 | Epoch 9/25 | lr=0.00100000
2026-03-27 12:48:34,946 | INFO | local_client_2 | Train | loss=0.7337 acc=0.7239 bacc=0.4806 f1=0.4944
2026-03-27 12:48:34,946 | INFO | local_client_2 | Test  | loss=1.2390 acc=0.5655 bacc=0.5380 f1=0.4032
2026-03-27 12:48:34,948 | INFO | local_client_2 | Epoch 10/25 | lr=0.00100000
2026-03-27 12:48:49,335 | INFO | local_client_2 | Train | loss=0.7101 acc=0.7365 bacc=0.5091 f1=0.5253
2026-03-27 12:48:49,336 | INFO | local_client_2 | Test  | loss=0.9559 acc=0.6667 bacc=0.5497 f1=0.4258
2026-03-27 12:48:49,340 | INFO | local_client_2 | Epoch 11/25 | lr=0.00100000
2026-03-27 12:49:03,553 | INFO | local_client_2 | Train | loss=0.6713 acc=0.7432 bacc=0.5575 f1=0.5735
2026-03-27 12:49:03,554 | INFO | local_client_2 | Test  | loss=0.7569 acc=0.7068 bacc=0.5272 f1=0.5577
2026-03-27 12:49:04,254 | INFO | local_client_2 | Saved best macro-F1 checkpoint to /mnt/c/Users/Nima/Desktop/MINE/My_projects/Research&Innovation_Project/cross-silo-fl-medical-image-classification/results/local_baseline/client_2/checkpoints/best_model_by_macro_f1.pt
2026-03-27 12:49:04,257 | INFO | local_client_2 | Epoch 12/25 | lr=0.00100000
2026-03-27 12:49:18,685 | INFO | local_client_2 | Train | loss=0.6369 acc=0.7581 bacc=0.5798 f1=0.6002
2026-03-27 12:49:18,686 | INFO | local_client_2 | Test  | loss=1.2588 acc=0.6652 bacc=0.5315 f1=0.4337
2026-03-27 12:49:18,689 | INFO | local_client_2 | Epoch 13/25 | lr=0.00100000
2026-03-27 12:49:32,955 | INFO | local_client_2 | Train | loss=0.6042 acc=0.7718 bacc=0.6209 f1=0.6313
2026-03-27 12:49:32,956 | INFO | local_client_2 | Test  | loss=0.8268 acc=0.7307 bacc=0.5448 f1=0.5732
2026-03-27 12:49:33,677 | INFO | local_client_2 | Saved best macro-F1 checkpoint to /mnt/c/Users/Nima/Desktop/MINE/My_projects/Research&Innovation_Project/cross-silo-fl-medical-image-classification/results/local_baseline/client_2/checkpoints/best_model_by_macro_f1.pt
2026-03-27 12:49:33,680 | INFO | local_client_2 | Epoch 14/25 | lr=0.00100000
2026-03-27 12:49:47,910 | INFO | local_client_2 | Train | loss=0.5801 acc=0.7834 bacc=0.6189 f1=0.6418
2026-03-27 12:49:47,911 | INFO | local_client_2 | Test  | loss=0.9497 acc=0.7068 bacc=0.4690 f1=0.4373
2026-03-27 12:49:47,914 | INFO | local_client_2 | Epoch 15/25 | lr=0.00100000
2026-03-27 12:50:02,336 | INFO | local_client_2 | Train | loss=0.5308 acc=0.7923 bacc=0.6354 f1=0.6605
2026-03-27 12:50:02,337 | INFO | local_client_2 | Test  | loss=1.1403 acc=0.6875 bacc=0.4894 f1=0.4543
2026-03-27 12:50:02,341 | INFO | local_client_2 | Epoch 16/25 | lr=0.00100000
2026-03-27 12:50:16,919 | INFO | local_client_2 | Train | loss=0.5371 acc=0.7900 bacc=0.6738 f1=0.6855
2026-03-27 12:50:16,919 | INFO | local_client_2 | Test  | loss=1.3738 acc=0.6548 bacc=0.3292 f1=0.3650
2026-03-27 12:50:16,923 | INFO | local_client_2 | Epoch 17/25 | lr=0.00100000
2026-03-27 12:50:32,059 | INFO | local_client_2 | Train | loss=0.5294 acc=0.7964 bacc=0.6713 f1=0.6749
2026-03-27 12:50:32,060 | INFO | local_client_2 | Test  | loss=1.0883 acc=0.6607 bacc=0.4721 f1=0.4737
2026-03-27 12:50:32,064 | INFO | local_client_2 | Epoch 18/25 | lr=0.00100000
2026-03-27 12:50:46,762 | INFO | local_client_2 | Train | loss=0.4963 acc=0.8075 bacc=0.6706 f1=0.6749
2026-03-27 12:50:46,762 | INFO | local_client_2 | Test  | loss=0.8900 acc=0.7202 bacc=0.5234 f1=0.5511
2026-03-27 12:50:46,768 | INFO | local_client_2 | Epoch 19/25 | lr=0.00100000
2026-03-27 12:51:01,190 | INFO | local_client_2 | Train | loss=0.4224 acc=0.8410 bacc=0.7245 f1=0.7193
2026-03-27 12:51:01,191 | INFO | local_client_2 | Test  | loss=1.2245 acc=0.7024 bacc=0.4934 f1=0.5450
2026-03-27 12:51:01,195 | INFO | local_client_2 | Epoch 20/25 | lr=0.00100000
2026-03-27 12:51:15,365 | INFO | local_client_2 | Train | loss=0.4349 acc=0.8324 bacc=0.7130 f1=0.7345
2026-03-27 12:51:15,365 | INFO | local_client_2 | Test  | loss=1.2154 acc=0.6429 bacc=0.5676 f1=0.4773
2026-03-27 12:51:15,369 | INFO | local_client_2 | Epoch 21/25 | lr=0.00100000
2026-03-27 12:56:07,902 | INFO | local_client_2 | Train | loss=0.3926 acc=0.8517 bacc=0.7504 f1=0.7707
2026-03-27 12:56:07,904 | INFO | local_client_2 | Test  | loss=1.0890 acc=0.7054 bacc=0.5236 f1=0.4249
2026-03-27 12:56:07,919 | INFO | local_client_2 | Epoch 22/25 | lr=0.00100000
2026-03-27 12:58:44,318 | INFO | local_client_2 | Train | loss=0.4370 acc=0.8357 bacc=0.6940 f1=0.7170
2026-03-27 12:58:44,318 | INFO | local_client_2 | Test  | loss=0.8635 acc=0.7307 bacc=0.5341 f1=0.5028
2026-03-27 12:58:44,322 | INFO | local_client_2 | Epoch 23/25 | lr=0.00100000
2026-03-27 12:58:56,454 | INFO | local_client_2 | Train | loss=0.3483 acc=0.8751 bacc=0.7955 f1=0.8196
2026-03-27 12:58:56,455 | INFO | local_client_2 | Test  | loss=0.8780 acc=0.7277 bacc=0.5819 f1=0.5887
2026-03-27 12:58:57,095 | INFO | local_client_2 | Saved best macro-F1 checkpoint to /mnt/c/Users/Nima/Desktop/MINE/My_projects/Research&Innovation_Project/cross-silo-fl-medical-image-classification/results/local_baseline/client_2/checkpoints/best_model_by_macro_f1.pt
2026-03-27 12:58:57,098 | INFO | local_client_2 | Epoch 24/25 | lr=0.00100000
2026-03-27 12:59:09,059 | INFO | local_client_2 | Train | loss=0.3526 acc=0.8711 bacc=0.7493 f1=0.7728
2026-03-27 12:59:09,060 | INFO | local_client_2 | Test  | loss=1.0274 acc=0.7277 bacc=0.6037 f1=0.6038
2026-03-27 12:59:09,683 | INFO | local_client_2 | Saved best macro-F1 checkpoint to /mnt/c/Users/Nima/Desktop/MINE/My_projects/Research&Innovation_Project/cross-silo-fl-medical-image-classification/results/local_baseline/client_2/checkpoints/best_model_by_macro_f1.pt
2026-03-27 12:59:09,686 | INFO | local_client_2 | Epoch 25/25 | lr=0.00100000
2026-03-27 13:01:32,214 | INFO | local_client_2 | Train | loss=0.3115 acc=0.8822 bacc=0.7506 f1=0.7752
2026-03-27 13:01:32,214 | INFO | local_client_2 | Test  | loss=1.0572 acc=0.6905 bacc=0.6195 f1=0.4641
