2026-03-27 13:26:49,127 | INFO | local_client_5 | Starting local training for client 5
2026-03-27 13:26:50,710 | INFO | local_client_5 | Epoch 1/25 | lr=0.00100000
2026-03-27 13:26:52,924 | INFO | local_client_5 | Train | loss=1.0745 acc=0.6524 bacc=0.1928 f1=0.1467
2026-03-27 13:26:52,925 | INFO | local_client_5 | Test  | loss=1.3133 acc=0.8409 bacc=0.2500 f1=0.2284
2026-03-27 13:26:53,553 | INFO | local_client_5 | Saved best macro-F1 checkpoint to /mnt/c/Users/Nima/Desktop/MINE/My_projects/Research&Innovation_Project/cross-silo-fl-medical-image-classification/results/local_baseline/client_5/checkpoints/best_model_by_macro_f1.pt
2026-03-27 13:26:53,555 | INFO | local_client_5 | Epoch 2/25 | lr=0.00100000
2026-03-27 13:27:39,746 | INFO | local_client_5 | Train | loss=0.6048 acc=0.8120 bacc=0.2570 f1=0.2645
2026-03-27 13:27:39,768 | INFO | local_client_5 | Test  | loss=2.0426 acc=0.7614 bacc=0.3239 f1=0.2958
2026-03-27 13:27:47,312 | INFO | local_client_5 | Saved best macro-F1 checkpoint to /mnt/c/Users/Nima/Desktop/MINE/My_projects/Research&Innovation_Project/cross-silo-fl-medical-image-classification/results/local_baseline/client_5/checkpoints/best_model_by_macro_f1.pt
2026-03-27 13:27:47,324 | INFO | local_client_5 | Epoch 3/25 | lr=0.00100000
2026-03-27 13:28:03,359 | INFO | local_client_5 | Train | loss=0.4880 acc=0.8405 bacc=0.2805 f1=0.3002
2026-03-27 13:28:03,362 | INFO | local_client_5 | Test  | loss=0.6343 acc=0.8182 bacc=0.2432 f1=0.1800
2026-03-27 13:28:03,381 | INFO | local_client_5 | Epoch 4/25 | lr=0.00100000
2026-03-27 13:28:23,068 | INFO | local_client_5 | Train | loss=0.3983 acc=0.8575 bacc=0.5123 f1=0.4874
2026-03-27 13:28:23,073 | INFO | local_client_5 | Test  | loss=0.7078 acc=0.8068 bacc=0.3375 f1=0.3219
2026-03-27 13:28:28,430 | INFO | local_client_5 | Saved best macro-F1 checkpoint to /mnt/c/Users/Nima/Desktop/MINE/My_projects/Research&Innovation_Project/cross-silo-fl-medical-image-classification/results/local_baseline/client_5/checkpoints/best_model_by_macro_f1.pt
2026-03-27 13:28:28,442 | INFO | local_client_5 | Epoch 5/25 | lr=0.00100000
2026-03-27 13:28:45,604 | INFO | local_client_5 | Train | loss=0.3966 acc=0.8547 bacc=0.4696 f1=0.4966
2026-03-27 13:28:45,607 | INFO | local_client_5 | Test  | loss=1.1606 acc=0.6932 bacc=0.3281 f1=0.2039
2026-03-27 13:28:45,630 | INFO | local_client_5 | Epoch 6/25 | lr=0.00100000
2026-03-27 13:29:06,308 | INFO | local_client_5 | Train | loss=0.3498 acc=0.8718 bacc=0.4291 f1=0.4268
2026-03-27 13:29:06,310 | INFO | local_client_5 | Test  | loss=0.6269 acc=0.7614 bacc=0.2752 f1=0.2737
2026-03-27 13:29:06,324 | INFO | local_client_5 | Epoch 7/25 | lr=0.00100000
2026-03-27 13:29:12,969 | INFO | local_client_5 | Train | loss=0.2296 acc=0.9174 bacc=0.5685 f1=0.5865
2026-03-27 13:29:12,969 | INFO | local_client_5 | Test  | loss=0.6756 acc=0.8409 bacc=0.3579 f1=0.3177
2026-03-27 13:29:12,973 | INFO | local_client_5 | Epoch 8/25 | lr=0.00100000
2026-03-27 13:29:15,240 | INFO | local_client_5 | Train | loss=0.1953 acc=0.9145 bacc=0.4918 f1=0.5257
2026-03-27 13:29:15,241 | INFO | local_client_5 | Test  | loss=0.6509 acc=0.8523 bacc=0.2778 f1=0.2744
2026-03-27 13:29:15,242 | INFO | local_client_5 | Epoch 9/25 | lr=0.00100000
2026-03-27 13:29:17,414 | INFO | local_client_5 | Train | loss=0.1511 acc=0.9430 bacc=0.7317 f1=0.7799
2026-03-27 13:29:17,415 | INFO | local_client_5 | Test  | loss=0.8215 acc=0.7386 bacc=0.3172 f1=0.2874
2026-03-27 13:29:17,417 | INFO | local_client_5 | Epoch 10/25 | lr=0.00100000
2026-03-27 13:29:19,622 | INFO | local_client_5 | Train | loss=0.2618 acc=0.9060 bacc=0.7377 f1=0.7744
2026-03-27 13:29:19,622 | INFO | local_client_5 | Test  | loss=0.9712 acc=0.8068 bacc=0.3131 f1=0.3002
2026-03-27 13:29:19,625 | INFO | local_client_5 | Epoch 11/25 | lr=0.00100000
2026-03-27 13:29:21,650 | INFO | local_client_5 | Train | loss=0.1740 acc=0.9373 bacc=0.7195 f1=0.7654
2026-03-27 13:29:21,650 | INFO | local_client_5 | Test  | loss=0.7916 acc=0.8068 bacc=0.3375 f1=0.3248
2026-03-27 13:29:22,279 | INFO | local_client_5 | Saved best macro-F1 checkpoint to /mnt/c/Users/Nima/Desktop/MINE/My_projects/Research&Innovation_Project/cross-silo-fl-medical-image-classification/results/local_baseline/client_5/checkpoints/best_model_by_macro_f1.pt
2026-03-27 13:29:22,281 | INFO | local_client_5 | Epoch 12/25 | lr=0.00100000
2026-03-27 13:29:24,343 | INFO | local_client_5 | Train | loss=0.1490 acc=0.9516 bacc=0.7501 f1=0.7636
2026-03-27 13:29:24,344 | INFO | local_client_5 | Test  | loss=0.8140 acc=0.8068 bacc=0.3619 f1=0.2730
2026-03-27 13:29:24,347 | INFO | local_client_5 | Epoch 13/25 | lr=0.00100000
2026-03-27 13:29:26,425 | INFO | local_client_5 | Train | loss=0.1166 acc=0.9544 bacc=0.8952 f1=0.9103
2026-03-27 13:29:26,425 | INFO | local_client_5 | Test  | loss=0.9015 acc=0.7614 bacc=0.3971 f1=0.2705
2026-03-27 13:29:26,429 | INFO | local_client_5 | Epoch 14/25 | lr=0.00100000
2026-03-27 13:29:28,538 | INFO | local_client_5 | Train | loss=0.1284 acc=0.9516 bacc=0.8978 f1=0.8823
2026-03-27 13:29:28,538 | INFO | local_client_5 | Test  | loss=1.3281 acc=0.6818 bacc=0.3491 f1=0.2298
2026-03-27 13:29:28,542 | INFO | local_client_5 | Epoch 15/25 | lr=0.00100000
2026-03-27 13:29:30,849 | INFO | local_client_5 | Train | loss=0.1930 acc=0.9288 bacc=0.7572 f1=0.7439
2026-03-27 13:29:30,849 | INFO | local_client_5 | Test  | loss=1.0916 acc=0.8409 bacc=0.2744 f1=0.2695
2026-03-27 13:29:30,853 | INFO | local_client_5 | Epoch 16/25 | lr=0.00100000
2026-03-27 13:29:32,995 | INFO | local_client_5 | Train | loss=0.1391 acc=0.9459 bacc=0.8968 f1=0.9203
2026-03-27 13:29:32,996 | INFO | local_client_5 | Test  | loss=1.1349 acc=0.6477 bacc=0.4572 f1=0.3759
2026-03-27 13:29:33,626 | INFO | local_client_5 | Saved best macro-F1 checkpoint to /mnt/c/Users/Nima/Desktop/MINE/My_projects/Research&Innovation_Project/cross-silo-fl-medical-image-classification/results/local_baseline/client_5/checkpoints/best_model_by_macro_f1.pt
2026-03-27 13:29:33,628 | INFO | local_client_5 | Epoch 17/25 | lr=0.00100000
2026-03-27 13:29:35,757 | INFO | local_client_5 | Train | loss=0.1322 acc=0.9487 bacc=0.8679 f1=0.8643
2026-03-27 13:29:35,758 | INFO | local_client_5 | Test  | loss=1.1433 acc=0.7841 bacc=0.4349 f1=0.2817
2026-03-27 13:29:35,762 | INFO | local_client_5 | Epoch 18/25 | lr=0.00100000
2026-03-27 13:29:37,921 | INFO | local_client_5 | Train | loss=0.1100 acc=0.9516 bacc=0.7280 f1=0.8220
2026-03-27 13:29:37,921 | INFO | local_client_5 | Test  | loss=1.4008 acc=0.5795 bacc=0.3675 f1=0.1774
2026-03-27 13:29:37,924 | INFO | local_client_5 | Epoch 19/25 | lr=0.00100000
2026-03-27 13:29:39,998 | INFO | local_client_5 | Train | loss=0.1684 acc=0.9459 bacc=0.8934 f1=0.8216
2026-03-27 13:29:39,999 | INFO | local_client_5 | Test  | loss=0.6234 acc=0.8636 bacc=0.4829 f1=0.4225
2026-03-27 13:29:40,623 | INFO | local_client_5 | Saved best macro-F1 checkpoint to /mnt/c/Users/Nima/Desktop/MINE/My_projects/Research&Innovation_Project/cross-silo-fl-medical-image-classification/results/local_baseline/client_5/checkpoints/best_model_by_macro_f1.pt
2026-03-27 13:29:40,625 | INFO | local_client_5 | Epoch 20/25 | lr=0.00100000
2026-03-27 13:30:13,604 | INFO | local_client_5 | Train | loss=0.0990 acc=0.9687 bacc=0.7838 f1=0.7988
2026-03-27 13:30:13,615 | INFO | local_client_5 | Test  | loss=0.7827 acc=0.8523 bacc=0.2778 f1=0.2798
2026-03-27 13:30:13,750 | INFO | local_client_5 | Epoch 21/25 | lr=0.00100000
2026-03-27 13:30:17,646 | INFO | local_client_5 | Train | loss=0.0494 acc=0.9858 bacc=0.8554 f1=0.9067
2026-03-27 13:30:17,647 | INFO | local_client_5 | Test  | loss=0.6148 acc=0.8409 bacc=0.3335 f1=0.3748
2026-03-27 13:30:17,649 | INFO | local_client_5 | Epoch 22/25 | lr=0.00100000
2026-03-27 13:30:19,823 | INFO | local_client_5 | Train | loss=0.0422 acc=0.9886 bacc=0.9930 f1=0.9930
2026-03-27 13:30:19,824 | INFO | local_client_5 | Test  | loss=0.6698 acc=0.8750 bacc=0.3925 f1=0.4479
2026-03-27 13:30:20,503 | INFO | local_client_5 | Saved best macro-F1 checkpoint to /mnt/c/Users/Nima/Desktop/MINE/My_projects/Research&Innovation_Project/cross-silo-fl-medical-image-classification/results/local_baseline/client_5/checkpoints/best_model_by_macro_f1.pt
2026-03-27 13:30:20,505 | INFO | local_client_5 | Epoch 23/25 | lr=0.00100000
2026-03-27 13:30:22,731 | INFO | local_client_5 | Train | loss=0.0593 acc=0.9772 bacc=0.9589 f1=0.9712
2026-03-27 13:30:22,731 | INFO | local_client_5 | Test  | loss=0.7221 acc=0.8750 bacc=0.5004 f1=0.4376
2026-03-27 13:30:22,736 | INFO | local_client_5 | Epoch 24/25 | lr=0.00100000
2026-03-27 13:30:24,941 | INFO | local_client_5 | Train | loss=0.0321 acc=0.9886 bacc=0.9953 f1=0.9931
2026-03-27 13:30:24,942 | INFO | local_client_5 | Test  | loss=0.6920 acc=0.8977 bacc=0.5419 f1=0.5924
2026-03-27 13:30:25,574 | INFO | local_client_5 | Saved best macro-F1 checkpoint to /mnt/c/Users/Nima/Desktop/MINE/My_projects/Research&Innovation_Project/cross-silo-fl-medical-image-classification/results/local_baseline/client_5/checkpoints/best_model_by_macro_f1.pt
2026-03-27 13:30:25,577 | INFO | local_client_5 | Epoch 25/25 | lr=0.00100000
2026-03-27 13:30:27,628 | INFO | local_client_5 | Train | loss=0.0543 acc=0.9801 bacc=0.9017 f1=0.9323
2026-03-27 13:30:27,628 | INFO | local_client_5 | Test  | loss=0.7914 acc=0.8409 bacc=0.3823 f1=0.3354
